2021-02-03 19:45:19.503 [main] INFO  io.javalin.Javalin - 
           __                      __ _
          / /____ _ _   __ ____ _ / /(_)____
     __  / // __ `/| | / // __ `// // // __ \
    / /_/ // /_/ / | |/ // /_/ // // // / / /
    \____/ \__,_/  |___/ \__,_//_//_//_/ /_/

        https://javalin.io/documentation

2021-02-03 19:45:19.512 [main] DEBUG org.eclipse.jetty.util.log - Logging to org.apache.logging.slf4j.Log4jLogger@37bd68c3 via org.eclipse.jetty.util.log.Slf4jLog
2021-02-03 19:45:19.513 [main] INFO  org.eclipse.jetty.util.log - Logging initialized @1317ms to org.eclipse.jetty.util.log.Slf4jLog
2021-02-03 19:45:19.514 [main] INFO  io.javalin.Javalin - Starting Javalin ...
2021-02-03 19:45:19.857 [main] INFO  io.javalin.Javalin - Listening on http://localhost:9000/
2021-02-03 19:45:19.858 [main] INFO  io.javalin.Javalin - Javalin started in 344ms \o/
2021-02-03 19:45:24.187 [qtp788892554-16] DEBUG org.eclipse.jetty.io.IdleTimeout - SocketChannelEndPoint@5bb98900{l=/0:0:0:0:0:0:0:1:9000,r=/0:0:0:0:0:0:0:1:53805,OPEN,fill=-,flush=-,to=6/30000}{io=0/0,kio=0,kro=0}-><null> idle timeout check, elapsed: 5 ms, remaining: 29995 ms
2021-02-03 19:45:24.187 [qtp788892554-19] DEBUG org.eclipse.jetty.io.IdleTimeout - SocketChannelEndPoint@1c883a3d{l=/0:0:0:0:0:0:0:1:9000,r=/0:0:0:0:0:0:0:1:53806,OPEN,fill=-,flush=-,to=6/30000}{io=0/0,kio=0,kro=0}-><null> idle timeout check, elapsed: 5 ms, remaining: 29995 ms
2021-02-03 19:45:24.229 [qtp788892554-19] DEBUG org.eclipse.jetty.server.HttpConnection - New HTTP Connection HttpConnection@1d88cae6::SocketChannelEndPoint@1c883a3d{l=/0:0:0:0:0:0:0:1:9000,r=/0:0:0:0:0:0:0:1:53806,OPEN,fill=-,flush=-,to=49/30000}{io=0/0,kio=0,kro=0}-><null>
2021-02-03 19:45:24.229 [qtp788892554-16] DEBUG org.eclipse.jetty.server.HttpConnection - New HTTP Connection HttpConnection@617ce89b::SocketChannelEndPoint@5bb98900{l=/0:0:0:0:0:0:0:1:9000,r=/0:0:0:0:0:0:0:1:53805,OPEN,fill=-,flush=-,to=49/30000}{io=0/0,kio=0,kro=0}-><null>
2021-02-03 19:45:24.230 [qtp788892554-19] DEBUG org.eclipse.jetty.io.AbstractEndPoint - onOpen SocketChannelEndPoint@1c883a3d{l=/0:0:0:0:0:0:0:1:9000,r=/0:0:0:0:0:0:0:1:53806,OPEN,fill=-,flush=-,to=50/30000}{io=0/0,kio=0,kro=0}->HttpConnection@1d88cae6[p=HttpParser{s=START,0 of -1},g=HttpGenerator@6a801217{s=START}]=>HttpChannelOverHttp@41dc9177{s=HttpChannelState@1ad8bc50{s=IDLE rs=BLOCKING os=OPEN is=IDLE awp=false se=false i=true al=0},r=0,c=false/false,a=IDLE,uri=null,age=0}
2021-02-03 19:45:24.230 [qtp788892554-16] DEBUG org.eclipse.jetty.io.AbstractEndPoint - onOpen SocketChannelEndPoint@5bb98900{l=/0:0:0:0:0:0:0:1:9000,r=/0:0:0:0:0:0:0:1:53805,OPEN,fill=-,flush=-,to=50/30000}{io=0/0,kio=0,kro=0}->HttpConnection@617ce89b[p=HttpParser{s=START,0 of -1},g=HttpGenerator@5b6cfdaa{s=START}]=>HttpChannelOverHttp@2ea2e6b4{s=HttpChannelState@281cfbcb{s=IDLE rs=BLOCKING os=OPEN is=IDLE awp=false se=false i=true al=0},r=0,c=false/false,a=IDLE,uri=null,age=0}
2021-02-03 19:45:24.231 [qtp788892554-19] DEBUG org.eclipse.jetty.io.AbstractConnection - onOpen HttpConnection@1d88cae6::SocketChannelEndPoint@1c883a3d{l=/0:0:0:0:0:0:0:1:9000,r=/0:0:0:0:0:0:0:1:53806,OPEN,fill=-,flush=-,to=51/30000}{io=0/0,kio=0,kro=0}->HttpConnection@1d88cae6[p=HttpParser{s=START,0 of -1},g=HttpGenerator@6a801217{s=START}]=>HttpChannelOverHttp@41dc9177{s=HttpChannelState@1ad8bc50{s=IDLE rs=BLOCKING os=OPEN is=IDLE awp=false se=false i=true al=0},r=0,c=false/false,a=IDLE,uri=null,age=0}
2021-02-03 19:45:24.232 [qtp788892554-16] DEBUG org.eclipse.jetty.io.AbstractConnection - onOpen HttpConnection@617ce89b::SocketChannelEndPoint@5bb98900{l=/0:0:0:0:0:0:0:1:9000,r=/0:0:0:0:0:0:0:1:53805,OPEN,fill=-,flush=-,to=51/30000}{io=0/0,kio=0,kro=0}->HttpConnection@617ce89b[p=HttpParser{s=START,0 of -1},g=HttpGenerator@5b6cfdaa{s=START}]=>HttpChannelOverHttp@2ea2e6b4{s=HttpChannelState@281cfbcb{s=IDLE rs=BLOCKING os=OPEN is=IDLE awp=false se=false i=true al=0},r=0,c=false/false,a=IDLE,uri=null,age=0}
2021-02-03 19:45:24.233 [qtp788892554-19] DEBUG org.eclipse.jetty.io.AbstractConnection - fillInterested HttpConnection@1d88cae6::SocketChannelEndPoint@1c883a3d{l=/0:0:0:0:0:0:0:1:9000,r=/0:0:0:0:0:0:0:1:53806,OPEN,fill=-,flush=-,to=52/30000}{io=0/0,kio=0,kro=0}->HttpConnection@1d88cae6[p=HttpParser{s=START,0 of -1},g=HttpGenerator@6a801217{s=START}]=>HttpChannelOverHttp@41dc9177{s=HttpChannelState@1ad8bc50{s=IDLE rs=BLOCKING os=OPEN is=IDLE awp=false se=false i=true al=0},r=0,c=false/false,a=IDLE,uri=null,age=0}
2021-02-03 19:45:24.234 [qtp788892554-16] DEBUG org.eclipse.jetty.io.AbstractConnection - fillInterested HttpConnection@617ce89b::SocketChannelEndPoint@5bb98900{l=/0:0:0:0:0:0:0:1:9000,r=/0:0:0:0:0:0:0:1:53805,OPEN,fill=-,flush=-,to=53/30000}{io=0/0,kio=0,kro=0}->HttpConnection@617ce89b[p=HttpParser{s=START,0 of -1},g=HttpGenerator@5b6cfdaa{s=START}]=>HttpChannelOverHttp@2ea2e6b4{s=HttpChannelState@281cfbcb{s=IDLE rs=BLOCKING os=OPEN is=IDLE awp=false se=false i=true al=0},r=0,c=false/false,a=IDLE,uri=null,age=0}
2021-02-03 19:45:24.234 [qtp788892554-19] DEBUG org.eclipse.jetty.io.FillInterest - interested FillInterest@2ed9a53a{AC.ReadCB@1d88cae6{HttpConnection@1d88cae6::SocketChannelEndPoint@1c883a3d{l=/0:0:0:0:0:0:0:1:9000,r=/0:0:0:0:0:0:0:1:53806,OPEN,fill=FI,flush=-,to=0/30000}{io=0/0,kio=0,kro=0}->HttpConnection@1d88cae6[p=HttpParser{s=START,0 of -1},g=HttpGenerator@6a801217{s=START}]=>HttpChannelOverHttp@41dc9177{s=HttpChannelState@1ad8bc50{s=IDLE rs=BLOCKING os=OPEN is=IDLE awp=false se=false i=true al=0},r=0,c=false/false,a=IDLE,uri=null,age=0}}}
2021-02-03 19:45:24.234 [qtp788892554-16] DEBUG org.eclipse.jetty.io.FillInterest - interested FillInterest@6d13631{AC.ReadCB@617ce89b{HttpConnection@617ce89b::SocketChannelEndPoint@5bb98900{l=/0:0:0:0:0:0:0:1:9000,r=/0:0:0:0:0:0:0:1:53805,OPEN,fill=FI,flush=-,to=0/30000}{io=0/0,kio=0,kro=0}->HttpConnection@617ce89b[p=HttpParser{s=START,0 of -1},g=HttpGenerator@5b6cfdaa{s=START}]=>HttpChannelOverHttp@2ea2e6b4{s=HttpChannelState@281cfbcb{s=IDLE rs=BLOCKING os=OPEN is=IDLE awp=false se=false i=true al=0},r=0,c=false/false,a=IDLE,uri=null,age=0}}}
2021-02-03 19:45:24.235 [qtp788892554-19] DEBUG org.eclipse.jetty.io.ChannelEndPoint - changeInterests p=false 0->1 for SocketChannelEndPoint@1c883a3d{l=/0:0:0:0:0:0:0:1:9000,r=/0:0:0:0:0:0:0:1:53806,OPEN,fill=FI,flush=-,to=0/30000}{io=0/1,kio=0,kro=0}->HttpConnection@1d88cae6[p=HttpParser{s=START,0 of -1},g=HttpGenerator@6a801217{s=START}]=>HttpChannelOverHttp@41dc9177{s=HttpChannelState@1ad8bc50{s=IDLE rs=BLOCKING os=OPEN is=IDLE awp=false se=false i=true al=0},r=0,c=false/false,a=IDLE,uri=null,age=0}
2021-02-03 19:45:24.235 [qtp788892554-16] DEBUG org.eclipse.jetty.io.ChannelEndPoint - changeInterests p=false 0->1 for SocketChannelEndPoint@5bb98900{l=/0:0:0:0:0:0:0:1:9000,r=/0:0:0:0:0:0:0:1:53805,OPEN,fill=FI,flush=-,to=0/30000}{io=0/1,kio=0,kro=0}->HttpConnection@617ce89b[p=HttpParser{s=START,0 of -1},g=HttpGenerator@5b6cfdaa{s=START}]=>HttpChannelOverHttp@2ea2e6b4{s=HttpChannelState@281cfbcb{s=IDLE rs=BLOCKING os=OPEN is=IDLE awp=false se=false i=true al=0},r=0,c=false/false,a=IDLE,uri=null,age=0}
2021-02-03 19:45:24.235 [qtp788892554-20] DEBUG org.eclipse.jetty.io.ChannelEndPoint - Key interests updated 0 -> 1 on SocketChannelEndPoint@1c883a3d{l=/0:0:0:0:0:0:0:1:9000,r=/0:0:0:0:0:0:0:1:53806,OPEN,fill=FI,flush=-,to=2/30000}{io=1/1,kio=1,kro=0}->HttpConnection@1d88cae6[p=HttpParser{s=START,0 of -1},g=HttpGenerator@6a801217{s=START}]=>HttpChannelOverHttp@41dc9177{s=HttpChannelState@1ad8bc50{s=IDLE rs=BLOCKING os=OPEN is=IDLE awp=false se=false i=true al=0},r=0,c=false/false,a=IDLE,uri=null,age=0}
2021-02-03 19:45:24.236 [qtp788892554-20] DEBUG org.eclipse.jetty.io.ChannelEndPoint - onSelected 1->0 r=true w=false for SocketChannelEndPoint@1c883a3d{l=/0:0:0:0:0:0:0:1:9000,r=/0:0:0:0:0:0:0:1:53806,OPEN,fill=FI,flush=-,to=2/30000}{io=1/0,kio=1,kro=1}->HttpConnection@1d88cae6[p=HttpParser{s=START,0 of -1},g=HttpGenerator@6a801217{s=START}]=>HttpChannelOverHttp@41dc9177{s=HttpChannelState@1ad8bc50{s=IDLE rs=BLOCKING os=OPEN is=IDLE awp=false se=false i=true al=0},r=0,c=false/false,a=IDLE,uri=null,age=0}
2021-02-03 19:45:24.236 [qtp788892554-21] DEBUG org.eclipse.jetty.io.ChannelEndPoint - Key interests updated 0 -> 1 on SocketChannelEndPoint@5bb98900{l=/0:0:0:0:0:0:0:1:9000,r=/0:0:0:0:0:0:0:1:53805,OPEN,fill=FI,flush=-,to=1/30000}{io=1/1,kio=1,kro=0}->HttpConnection@617ce89b[p=HttpParser{s=START,0 of -1},g=HttpGenerator@5b6cfdaa{s=START}]=>HttpChannelOverHttp@2ea2e6b4{s=HttpChannelState@281cfbcb{s=IDLE rs=BLOCKING os=OPEN is=IDLE awp=false se=false i=true al=0},r=0,c=false/false,a=IDLE,uri=null,age=0}
2021-02-03 19:45:24.237 [qtp788892554-20] DEBUG org.eclipse.jetty.io.ChannelEndPoint - task CEP:SocketChannelEndPoint@1c883a3d{l=/0:0:0:0:0:0:0:1:9000,r=/0:0:0:0:0:0:0:1:53806,OPEN,fill=FI,flush=-,to=3/30000}{io=1/0,kio=1,kro=1}->HttpConnection@1d88cae6[p=HttpParser{s=START,0 of -1},g=HttpGenerator@6a801217{s=START}]=>HttpChannelOverHttp@41dc9177{s=HttpChannelState@1ad8bc50{s=IDLE rs=BLOCKING os=OPEN is=IDLE awp=false se=false i=true al=0},r=0,c=false/false,a=IDLE,uri=null,age=0}:runFillable:BLOCKING
2021-02-03 19:45:24.237 [qtp788892554-21] DEBUG org.eclipse.jetty.io.ChannelEndPoint - onSelected 1->0 r=true w=false for SocketChannelEndPoint@5bb98900{l=/0:0:0:0:0:0:0:1:9000,r=/0:0:0:0:0:0:0:1:53805,OPEN,fill=FI,flush=-,to=2/30000}{io=1/0,kio=1,kro=1}->HttpConnection@617ce89b[p=HttpParser{s=START,0 of -1},g=HttpGenerator@5b6cfdaa{s=START}]=>HttpChannelOverHttp@2ea2e6b4{s=HttpChannelState@281cfbcb{s=IDLE rs=BLOCKING os=OPEN is=IDLE awp=false se=false i=true al=0},r=0,c=false/false,a=IDLE,uri=null,age=0}
2021-02-03 19:45:24.238 [qtp788892554-21] DEBUG org.eclipse.jetty.io.ChannelEndPoint - task CEP:SocketChannelEndPoint@5bb98900{l=/0:0:0:0:0:0:0:1:9000,r=/0:0:0:0:0:0:0:1:53805,OPEN,fill=FI,flush=-,to=3/30000}{io=1/0,kio=1,kro=1}->HttpConnection@617ce89b[p=HttpParser{s=START,0 of -1},g=HttpGenerator@5b6cfdaa{s=START}]=>HttpChannelOverHttp@2ea2e6b4{s=HttpChannelState@281cfbcb{s=IDLE rs=BLOCKING os=OPEN is=IDLE awp=false se=false i=true al=0},r=0,c=false/false,a=IDLE,uri=null,age=0}:runFillable:BLOCKING
2021-02-03 19:45:24.239 [qtp788892554-20] DEBUG org.eclipse.jetty.io.ChannelEndPoint - Key interests updated 1 -> 0 on SocketChannelEndPoint@1c883a3d{l=/0:0:0:0:0:0:0:1:9000,r=/0:0:0:0:0:0:0:1:53806,OPEN,fill=FI,flush=-,to=5/30000}{io=0/0,kio=0,kro=1}->HttpConnection@1d88cae6[p=HttpParser{s=START,0 of -1},g=HttpGenerator@6a801217{s=START}]=>HttpChannelOverHttp@41dc9177{s=HttpChannelState@1ad8bc50{s=IDLE rs=BLOCKING os=OPEN is=IDLE awp=false se=false i=true al=0},r=0,c=false/false,a=IDLE,uri=null,age=0}
2021-02-03 19:45:24.239 [qtp788892554-21] DEBUG org.eclipse.jetty.io.ChannelEndPoint - Key interests updated 1 -> 0 on SocketChannelEndPoint@5bb98900{l=/0:0:0:0:0:0:0:1:9000,r=/0:0:0:0:0:0:0:1:53805,OPEN,fill=FI,flush=-,to=5/30000}{io=0/0,kio=0,kro=1}->HttpConnection@617ce89b[p=HttpParser{s=START,0 of -1},g=HttpGenerator@5b6cfdaa{s=START}]=>HttpChannelOverHttp@2ea2e6b4{s=HttpChannelState@281cfbcb{s=IDLE rs=BLOCKING os=OPEN is=IDLE awp=false se=false i=true al=0},r=0,c=false/false,a=IDLE,uri=null,age=0}
2021-02-03 19:45:24.240 [qtp788892554-16] DEBUG org.eclipse.jetty.io.FillInterest - fillable FillInterest@2ed9a53a{AC.ReadCB@1d88cae6{HttpConnection@1d88cae6::SocketChannelEndPoint@1c883a3d{l=/0:0:0:0:0:0:0:1:9000,r=/0:0:0:0:0:0:0:1:53806,OPEN,fill=FI,flush=-,to=6/30000}{io=0/0,kio=0,kro=1}->HttpConnection@1d88cae6[p=HttpParser{s=START,0 of -1},g=HttpGenerator@6a801217{s=START}]=>HttpChannelOverHttp@41dc9177{s=HttpChannelState@1ad8bc50{s=IDLE rs=BLOCKING os=OPEN is=IDLE awp=false se=false i=true al=0},r=0,c=false/false,a=IDLE,uri=null,age=0}}}
2021-02-03 19:45:24.241 [qtp788892554-16] DEBUG org.eclipse.jetty.server.HttpConnection - HttpConnection@1d88cae6::SocketChannelEndPoint@1c883a3d{l=/0:0:0:0:0:0:0:1:9000,r=/0:0:0:0:0:0:0:1:53806,OPEN,fill=-,flush=-,to=7/30000}{io=0/0,kio=0,kro=1}->HttpConnection@1d88cae6[p=HttpParser{s=START,0 of -1},g=HttpGenerator@6a801217{s=START}]=>HttpChannelOverHttp@41dc9177{s=HttpChannelState@1ad8bc50{s=IDLE rs=BLOCKING os=OPEN is=IDLE awp=false se=false i=true al=0},r=0,c=false/false,a=IDLE,uri=null,age=0} onFillable enter HttpChannelState@1ad8bc50{s=IDLE rs=BLOCKING os=OPEN is=IDLE awp=false se=false i=true al=0} null
2021-02-03 19:45:24.241 [qtp788892554-28] DEBUG org.eclipse.jetty.io.FillInterest - fillable FillInterest@6d13631{AC.ReadCB@617ce89b{HttpConnection@617ce89b::SocketChannelEndPoint@5bb98900{l=/0:0:0:0:0:0:0:1:9000,r=/0:0:0:0:0:0:0:1:53805,OPEN,fill=FI,flush=-,to=6/30000}{io=0/0,kio=0,kro=1}->HttpConnection@617ce89b[p=HttpParser{s=START,0 of -1},g=HttpGenerator@5b6cfdaa{s=START}]=>HttpChannelOverHttp@2ea2e6b4{s=HttpChannelState@281cfbcb{s=IDLE rs=BLOCKING os=OPEN is=IDLE awp=false se=false i=true al=0},r=0,c=false/false,a=IDLE,uri=null,age=0}}}
2021-02-03 19:45:24.243 [qtp788892554-28] DEBUG org.eclipse.jetty.server.HttpConnection - HttpConnection@617ce89b::SocketChannelEndPoint@5bb98900{l=/0:0:0:0:0:0:0:1:9000,r=/0:0:0:0:0:0:0:1:53805,OPEN,fill=-,flush=-,to=7/30000}{io=0/0,kio=0,kro=1}->HttpConnection@617ce89b[p=HttpParser{s=START,0 of -1},g=HttpGenerator@5b6cfdaa{s=START}]=>HttpChannelOverHttp@2ea2e6b4{s=HttpChannelState@281cfbcb{s=IDLE rs=BLOCKING os=OPEN is=IDLE awp=false se=false i=true al=0},r=0,c=false/false,a=IDLE,uri=null,age=0} onFillable enter HttpChannelState@281cfbcb{s=IDLE rs=BLOCKING os=OPEN is=IDLE awp=false se=false i=true al=0} null
2021-02-03 19:45:24.244 [qtp788892554-28] DEBUG org.eclipse.jetty.io.AbstractEndPoint - shutdownInput SocketChannelEndPoint@5bb98900{l=/0:0:0:0:0:0:0:1:9000,r=/0:0:0:0:0:0:0:1:53805,OPEN,fill=-,flush=-,to=9/30000}{io=0/0,kio=0,kro=1}->HttpConnection@617ce89b[p=HttpParser{s=START,0 of -1},g=HttpGenerator@5b6cfdaa{s=START}]=>HttpChannelOverHttp@2ea2e6b4{s=HttpChannelState@281cfbcb{s=IDLE rs=BLOCKING os=OPEN is=IDLE awp=false se=false i=true al=0},r=0,c=false/false,a=IDLE,uri=null,age=0}
2021-02-03 19:45:24.245 [qtp788892554-28] DEBUG org.eclipse.jetty.io.ChannelEndPoint - filled -1 HeapByteBuffer@2d324d77[p=0,l=0,c=8192,r=0]={<<<>>>\x00\x00\x00\x00\x00\x00\x00\x00\x00...\x00\x00\x00\x00\x00\x00\x00}
2021-02-03 19:45:24.245 [qtp788892554-16] DEBUG org.eclipse.jetty.io.ChannelEndPoint - filled 329 HeapByteBuffer@43206a55[p=0,l=329,c=8192,r=329]={<<<GET /ms/ais/api/forecast/...nection: keep-alive\r\n\r\n>>>\x00\x00\x00\x00\x00\x00\x00\x00\x00...\x00\x00\x00\x00\x00\x00\x00}
2021-02-03 19:45:24.245 [qtp788892554-28] DEBUG org.eclipse.jetty.http.HttpParser - atEOF HttpParser{s=START,0 of -1}
2021-02-03 19:45:24.246 [qtp788892554-28] DEBUG org.eclipse.jetty.server.HttpConnection - HttpConnection@617ce89b::SocketChannelEndPoint@5bb98900{l=/0:0:0:0:0:0:0:1:9000,r=/0:0:0:0:0:0:0:1:53805,ISHUT,fill=-,flush=-,to=11/30000}{io=0/0,kio=0,kro=1}->HttpConnection@617ce89b[p=HttpParser{s=START,0 of -1},g=HttpGenerator@5b6cfdaa{s=START}]=>HttpChannelOverHttp@2ea2e6b4{s=HttpChannelState@281cfbcb{s=IDLE rs=BLOCKING os=OPEN is=IDLE awp=false se=false i=true al=0},r=0,c=false/false,a=IDLE,uri=null,age=0} filled -1 HeapByteBuffer@2d324d77[p=0,l=0,c=8192,r=0]={<<<>>>\x00\x00\x00\x00\x00\x00\x00\x00\x00...\x00\x00\x00\x00\x00\x00\x00}
2021-02-03 19:45:24.247 [qtp788892554-28] DEBUG org.eclipse.jetty.server.HttpConnection - HttpConnection@617ce89b::SocketChannelEndPoint@5bb98900{l=/0:0:0:0:0:0:0:1:9000,r=/0:0:0:0:0:0:0:1:53805,ISHUT,fill=-,flush=-,to=12/30000}{io=0/0,kio=0,kro=1}->HttpConnection@617ce89b[p=HttpParser{s=START,0 of -1},g=HttpGenerator@5b6cfdaa{s=START}]=>HttpChannelOverHttp@2ea2e6b4{s=HttpChannelState@281cfbcb{s=IDLE rs=BLOCKING os=OPEN is=IDLE awp=false se=false i=true al=0},r=0,c=false/false,a=IDLE,uri=null,age=0} parse HeapByteBuffer@2d324d77[p=0,l=0,c=8192,r=0]={<<<>>>\x00\x00\x00\x00\x00\x00\x00\x00\x00...\x00\x00\x00\x00\x00\x00\x00} {}
2021-02-03 19:45:24.247 [qtp788892554-28] DEBUG org.eclipse.jetty.http.HttpParser - parseNext s=START HeapByteBuffer@2d324d77[p=0,l=0,c=8192,r=0]={<<<>>>\x00\x00\x00\x00\x00\x00\x00\x00\x00...\x00\x00\x00\x00\x00\x00\x00}
2021-02-03 19:45:24.248 [qtp788892554-28] DEBUG org.eclipse.jetty.http.HttpParser - START --> CLOSED
2021-02-03 19:45:24.248 [qtp788892554-16] DEBUG org.eclipse.jetty.server.HttpConnection - HttpConnection@1d88cae6::SocketChannelEndPoint@1c883a3d{l=/0:0:0:0:0:0:0:1:9000,r=/0:0:0:0:0:0:0:1:53806,OPEN,fill=-,flush=-,to=4/30000}{io=0/0,kio=0,kro=1}->HttpConnection@1d88cae6[p=HttpParser{s=START,0 of -1},g=HttpGenerator@6a801217{s=START}]=>HttpChannelOverHttp@41dc9177{s=HttpChannelState@1ad8bc50{s=IDLE rs=BLOCKING os=OPEN is=IDLE awp=false se=false i=true al=0},r=0,c=false/false,a=IDLE,uri=null,age=0} filled 329 HeapByteBuffer@43206a55[p=0,l=329,c=8192,r=329]={<<<GET /ms/ais/api/forecast/...nection: keep-alive\r\n\r\n>>>\x00\x00\x00\x00\x00\x00\x00\x00\x00...\x00\x00\x00\x00\x00\x00\x00}
2021-02-03 19:45:24.249 [qtp788892554-28] DEBUG org.eclipse.jetty.io.AbstractEndPoint - close SocketChannelEndPoint@5bb98900{l=/0:0:0:0:0:0:0:1:9000,r=/0:0:0:0:0:0:0:1:53805,ISHUT,fill=-,flush=-,to=14/30000}{io=0/0,kio=0,kro=1}->HttpConnection@617ce89b[p=HttpParser{s=CLOSED,0 of -1},g=HttpGenerator@5b6cfdaa{s=START}]=>HttpChannelOverHttp@2ea2e6b4{s=HttpChannelState@281cfbcb{s=IDLE rs=BLOCKING os=OPEN is=IDLE awp=false se=false i=true al=0},r=0,c=false/false,a=IDLE,uri=null,age=0}
2021-02-03 19:45:24.249 [qtp788892554-16] DEBUG org.eclipse.jetty.server.HttpConnection - HttpConnection@1d88cae6::SocketChannelEndPoint@1c883a3d{l=/0:0:0:0:0:0:0:1:9000,r=/0:0:0:0:0:0:0:1:53806,OPEN,fill=-,flush=-,to=7/30000}{io=0/0,kio=0,kro=1}->HttpConnection@1d88cae6[p=HttpParser{s=START,0 of -1},g=HttpGenerator@6a801217{s=START}]=>HttpChannelOverHttp@41dc9177{s=HttpChannelState@1ad8bc50{s=IDLE rs=BLOCKING os=OPEN is=IDLE awp=false se=false i=true al=0},r=0,c=false/false,a=IDLE,uri=null,age=0} parse HeapByteBuffer@43206a55[p=0,l=329,c=8192,r=329]={<<<GET /ms/ais/api/forecast/...nection: keep-alive\r\n\r\n>>>\x00\x00\x00\x00\x00\x00\x00\x00\x00...\x00\x00\x00\x00\x00\x00\x00} {}
2021-02-03 19:45:24.249 [qtp788892554-16] DEBUG org.eclipse.jetty.http.HttpParser - parseNext s=START HeapByteBuffer@43206a55[p=0,l=329,c=8192,r=329]={<<<GET /ms/ais/api/forecast/...nection: keep-alive\r\n\r\n>>>\x00\x00\x00\x00\x00\x00\x00\x00\x00...\x00\x00\x00\x00\x00\x00\x00}
2021-02-03 19:45:24.250 [qtp788892554-16] DEBUG org.eclipse.jetty.http.HttpParser - START --> SPACE1
2021-02-03 19:45:24.250 [qtp788892554-28] DEBUG org.eclipse.jetty.io.AbstractEndPoint - close(null) SocketChannelEndPoint@5bb98900{l=/0:0:0:0:0:0:0:1:9000,r=/0:0:0:0:0:0:0:1:53805,ISHUT,fill=-,flush=-,to=15/30000}{io=0/0,kio=0,kro=1}->HttpConnection@617ce89b[p=HttpParser{s=CLOSED,0 of -1},g=HttpGenerator@5b6cfdaa{s=START}]=>HttpChannelOverHttp@2ea2e6b4{s=HttpChannelState@281cfbcb{s=IDLE rs=BLOCKING os=OPEN is=IDLE awp=false se=false i=true al=0},r=0,c=false/false,a=IDLE,uri=null,age=0}
2021-02-03 19:45:24.250 [qtp788892554-28] DEBUG org.eclipse.jetty.io.ChannelEndPoint - doClose SocketChannelEndPoint@5bb98900{l=/0:0:0:0:0:0:0:1:9000,r=/0:0:0:0:0:0:0:1:53805,CLOSED,fill=-,flush=-,to=15/30000}{io=0/0,kio=0,kro=1}->HttpConnection@617ce89b[p=HttpParser{s=CLOSED,0 of -1},g=HttpGenerator@5b6cfdaa{s=START}]=>HttpChannelOverHttp@2ea2e6b4{s=HttpChannelState@281cfbcb{s=IDLE rs=BLOCKING os=OPEN is=IDLE awp=false se=false i=true al=0},r=0,c=false/false,a=IDLE,uri=null,age=0}
2021-02-03 19:45:24.252 [qtp788892554-28] DEBUG org.eclipse.jetty.io.FillInterest - onClose FillInterest@6d13631{null}
2021-02-03 19:45:24.253 [qtp788892554-16] DEBUG org.eclipse.jetty.http.HttpParser - SPACE1 --> URI
2021-02-03 19:45:24.253 [qtp788892554-16] DEBUG org.eclipse.jetty.http.HttpParser - URI --> SPACE2
2021-02-03 19:45:24.253 [qtp788892554-16] DEBUG org.eclipse.jetty.http.HttpParser - SPACE2 --> REQUEST_VERSION
2021-02-03 19:45:24.254 [qtp788892554-16] DEBUG org.eclipse.jetty.http.HttpParser - REQUEST_VERSION --> HEADER
2021-02-03 19:45:24.255 [qtp788892554-16] DEBUG org.eclipse.jetty.http.HttpParser - HEADER: --> IN_NAME
2021-02-03 19:45:24.255 [qtp788892554-28] DEBUG org.eclipse.jetty.server.HttpConnection - HttpConnection@617ce89b::SocketChannelEndPoint@5bb98900{l=0.0.0.0/0.0.0.0:9000,r=null,CLOSED,fill=-,flush=-,to=19/30000}{io=0/0,kio=-1,kro=-1}->HttpConnection@617ce89b[p=HttpParser{s=CLOSED,0 of -1},g=HttpGenerator@5b6cfdaa{s=START}]=>HttpChannelOverHttp@2ea2e6b4{s=HttpChannelState@281cfbcb{s=IDLE rs=BLOCKING os=OPEN is=IDLE awp=false se=false i=true al=0},r=0,c=false/false,a=IDLE,uri=null,age=0} parsed false HttpParser{s=CLOSED,0 of -1}
2021-02-03 19:45:24.255 [qtp788892554-29] DEBUG org.eclipse.jetty.io.AbstractConnection - onClose HttpConnection@617ce89b::SocketChannelEndPoint@5bb98900{l=0.0.0.0/0.0.0.0:9000,r=null,CLOSED,fill=-,flush=-,to=20/30000}{io=0/0,kio=-1,kro=-1}->HttpConnection@617ce89b[p=HttpParser{s=CLOSED,0 of -1},g=HttpGenerator@5b6cfdaa{s=START}]=>HttpChannelOverHttp@2ea2e6b4{s=HttpChannelState@281cfbcb{s=IDLE rs=BLOCKING os=OPEN is=IDLE awp=false se=false i=true al=0},r=0,c=false/false,a=IDLE,uri=null,age=0}
2021-02-03 19:45:24.255 [qtp788892554-16] DEBUG org.eclipse.jetty.http.HttpParser - HEADER:Content-Transfer-Encoding --> VALUE
2021-02-03 19:45:24.255 [qtp788892554-16] DEBUG org.eclipse.jetty.http.HttpParser - HEADER:Content-Transfer-Encoding --> IN_VALUE
2021-02-03 19:45:24.256 [qtp788892554-16] DEBUG org.eclipse.jetty.http.HttpParser - HEADER:Content-Transfer-Encoding --> FIELD
2021-02-03 19:45:24.256 [qtp788892554-28] DEBUG org.eclipse.jetty.server.HttpConnection - releaseRequestBuffer HttpConnection@617ce89b::SocketChannelEndPoint@5bb98900{l=0.0.0.0/0.0.0.0:9000,r=null,CLOSED,fill=-,flush=-,to=21/30000}{io=0/0,kio=-1,kro=-1}->HttpConnection@617ce89b[p=HttpParser{s=CLOSED,0 of -1},g=HttpGenerator@5b6cfdaa{s=START}]=>HttpChannelOverHttp@2ea2e6b4{s=HttpChannelState@281cfbcb{s=IDLE rs=BLOCKING os=OPEN is=IDLE awp=false se=false i=true al=0},r=0,c=false/false,a=IDLE,uri=null,age=0}
2021-02-03 19:45:24.256 [qtp788892554-16] DEBUG org.eclipse.jetty.http.HttpParser - HEADER:User-Agent --> VALUE
2021-02-03 19:45:24.256 [qtp788892554-16] DEBUG org.eclipse.jetty.http.HttpParser - HEADER:User-Agent --> IN_VALUE
2021-02-03 19:45:24.256 [qtp788892554-16] DEBUG org.eclipse.jetty.http.HttpParser - HEADER:User-Agent --> FIELD
2021-02-03 19:45:24.257 [qtp788892554-16] DEBUG org.eclipse.jetty.http.HttpParser - HEADER:Accept: */* --> IN_VALUE
2021-02-03 19:45:24.257 [qtp788892554-16] DEBUG org.eclipse.jetty.http.HttpParser - HEADER:Accept: */* --> FIELD
2021-02-03 19:45:24.257 [qtp788892554-16] DEBUG org.eclipse.jetty.http.HttpParser - HEADER:Cache-Control: no-cache --> IN_VALUE
2021-02-03 19:45:24.257 [qtp788892554-16] DEBUG org.eclipse.jetty.http.HttpParser - HEADER:Cache-Control: no-cache --> FIELD
2021-02-03 19:45:24.257 [qtp788892554-16] DEBUG org.eclipse.jetty.http.HttpParser - HEADER: --> IN_NAME
2021-02-03 19:45:24.257 [qtp788892554-16] DEBUG org.eclipse.jetty.http.HttpParser - HEADER:Postman-Token --> VALUE
2021-02-03 19:45:24.257 [qtp788892554-28] DEBUG org.eclipse.jetty.io.AbstractEndPoint - shutdownOutput SocketChannelEndPoint@5bb98900{l=0.0.0.0/0.0.0.0:9000,r=null,CLOSED,fill=-,flush=-,to=23/30000}{io=0/0,kio=-1,kro=-1}->HttpConnection@617ce89b[p=HttpParser{s=CLOSED,0 of -1},g=HttpGenerator@5b6cfdaa{s=START}]=>HttpChannelOverHttp@2ea2e6b4{s=HttpChannelState@281cfbcb{s=IDLE rs=BLOCKING os=OPEN is=IDLE awp=false se=false i=true al=0},r=0,c=false/false,a=IDLE,uri=null,age=0}
2021-02-03 19:45:24.258 [qtp788892554-16] DEBUG org.eclipse.jetty.http.HttpParser - HEADER:Postman-Token --> IN_VALUE
2021-02-03 19:45:24.258 [qtp788892554-16] DEBUG org.eclipse.jetty.http.HttpParser - HEADER:Postman-Token --> FIELD
2021-02-03 19:45:24.258 [qtp788892554-16] DEBUG org.eclipse.jetty.http.HttpParser - HEADER:Host --> VALUE
2021-02-03 19:45:24.258 [qtp788892554-16] DEBUG org.eclipse.jetty.http.HttpParser - HEADER:Host --> IN_VALUE
2021-02-03 19:45:24.258 [qtp788892554-16] DEBUG org.eclipse.jetty.http.HttpParser - HEADER:Host --> FIELD
2021-02-03 19:45:24.258 [qtp788892554-28] DEBUG org.eclipse.jetty.server.HttpConnection - HttpConnection@617ce89b::SocketChannelEndPoint@5bb98900{l=0.0.0.0/0.0.0.0:9000,r=null,CLOSED,fill=-,flush=-,to=23/30000}{io=0/0,kio=-1,kro=-1}->HttpConnection@617ce89b[p=HttpParser{s=CLOSED,0 of -1},g=HttpGenerator@5b6cfdaa{s=START}]=>HttpChannelOverHttp@2ea2e6b4{s=HttpChannelState@281cfbcb{s=IDLE rs=BLOCKING os=OPEN is=IDLE awp=false se=false i=true al=0},r=0,c=false/false,a=IDLE,uri=null,age=0} onFillable exit HttpChannelState@281cfbcb{s=IDLE rs=BLOCKING os=OPEN is=IDLE awp=false se=false i=true al=0} null
2021-02-03 19:45:24.259 [qtp788892554-16] DEBUG org.eclipse.jetty.http.HttpParser - HEADER:Accept-Encoding: gzip, deflate, br --> IN_VALUE
2021-02-03 19:45:24.259 [qtp788892554-16] DEBUG org.eclipse.jetty.http.HttpParser - HEADER:Accept-Encoding: gzip, deflate, br --> FIELD
2021-02-03 19:45:24.259 [qtp788892554-16] DEBUG org.eclipse.jetty.http.HttpParser - HEADER:Connection: keep-alive --> IN_VALUE
2021-02-03 19:45:24.259 [qtp788892554-16] DEBUG org.eclipse.jetty.http.HttpParser - HEADER:Connection: keep-alive --> FIELD
2021-02-03 19:45:24.262 [qtp788892554-16] DEBUG org.eclipse.jetty.http.HttpParser - HEADER --> CONTENT
2021-02-03 19:45:24.263 [qtp788892554-16] DEBUG org.eclipse.jetty.server.HttpConnection - HttpConnection@1d88cae6::SocketChannelEndPoint@1c883a3d{l=/0:0:0:0:0:0:0:1:9000,r=/0:0:0:0:0:0:0:1:53806,OPEN,fill=-,flush=-,to=21/30000}{io=0/0,kio=0,kro=1}->HttpConnection@1d88cae6[p=HttpParser{s=CONTENT,0 of -1},g=HttpGenerator@6a801217{s=START}]=>HttpChannelOverHttp@41dc9177{s=HttpChannelState@1ad8bc50{s=IDLE rs=BLOCKING os=OPEN is=IDLE awp=false se=false i=true al=0},r=1,c=false/false,a=IDLE,uri=//localhost:9000/ms/ais/api/forecast/current/city/%CE%A0%CE%B1%CF%81%CE%AF%CF%83%CE%B9,age=1} parsed true HttpParser{s=CONTENT,0 of -1}
2021-02-03 19:45:24.264 [qtp788892554-16] DEBUG org.eclipse.jetty.server.HttpConnection - releaseRequestBuffer HttpConnection@1d88cae6::SocketChannelEndPoint@1c883a3d{l=/0:0:0:0:0:0:0:1:9000,r=/0:0:0:0:0:0:0:1:53806,OPEN,fill=-,flush=-,to=21/30000}{io=0/0,kio=0,kro=1}->HttpConnection@1d88cae6[p=HttpParser{s=CONTENT,0 of -1},g=HttpGenerator@6a801217{s=START}]=>HttpChannelOverHttp@41dc9177{s=HttpChannelState@1ad8bc50{s=IDLE rs=BLOCKING os=OPEN is=IDLE awp=false se=false i=true al=0},r=1,c=false/false,a=IDLE,uri=//localhost:9000/ms/ais/api/forecast/current/city/%CE%A0%CE%B1%CF%81%CE%AF%CF%83%CE%B9,age=2}
2021-02-03 19:45:24.264 [qtp788892554-16] DEBUG org.eclipse.jetty.server.HttpChannelState - handling HttpChannelState@1ad8bc50{s=IDLE rs=BLOCKING os=OPEN is=IDLE awp=false se=false i=true al=0}
2021-02-03 19:45:24.460 [qtp788892554-16] DEBUG ms.ais.weather.service.CityServiceImpl - City with name: Παρίσι not found in db.Trying to get it from OpenWeatherMap and store it in db...
2021-02-03 19:45:24.471 [qtp788892554-16] INFO  ms.ais.weather.service.tasks.GetFromOpenWeatherMapTask - GET task https://api.openweathermap.org/geo/1.0/direct?q=%CE%A0%CE%B1%CF%81%CE%AF%CF%83%CE%B9&appid=200681ee8b9be15aafc017130d88cd41&limit=1 START
2021-02-03 19:45:25.060 [qtp788892554-16] INFO  ms.ais.weather.service.tasks.GetFromOpenWeatherMapTask - GET task https://api.openweathermap.org/geo/1.0/direct?q=%CE%A0%CE%B1%CF%81%CE%AF%CF%83%CE%B9&appid=200681ee8b9be15aafc017130d88cd41&limit=1 FINISH at 584 ms with status code 200
2021-02-03 19:45:25.102 [qtp788892554-16] DEBUG ms.ais.weather.db.sqlite.SqliteCityDao - Inserting city: City{id=0, cityGeoPoint=CityGeoPoint{cityName='Paris', longitude=2.3488, latitude=48.8534}, country='France'} to db...
2021-02-03 19:45:25.111 [qtp788892554-16] ERROR ms.ais.weather.db.sqlite.SqliteCityDao - City: City{id=0, cityGeoPoint=CityGeoPoint{cityName='Paris', longitude=2.3488, latitude=48.8534}, country='France'} failed to be inserted in db! (Possibly already stored)
2021-02-03 19:45:25.115 [qtp788892554-16] DEBUG ms.ais.weather.service.OpenWeatherMapService - Adding an alias for Paris -> Παρίσι
2021-02-03 19:45:25.185 [qtp788892554-16] DEBUG org.ehcache.core.spi.ServiceLocator - Starting 17 Services...
2021-02-03 19:45:25.190 [qtp788892554-16] DEBUG org.ehcache.core.statistics.DefaultStatisticsService - Starting service
2021-02-03 19:45:25.190 [qtp788892554-16] DEBUG org.ehcache.core.spi.ServiceLocator - All Services successfully started, 17 Services in 5ms
2021-02-03 19:45:25.190 [qtp788892554-16] DEBUG org.ehcache.core.EhcacheManager - Creating Cache 'OpenWeatherMapCache' in EhcacheManager.
2021-02-03 19:45:25.193 [qtp788892554-16] DEBUG org.ehcache.impl.internal.spi.serialization.DefaultSerializationProvider - Serializer for <java.lang.String> : org.ehcache.impl.serialization.StringSerializer@74cc29d6
2021-02-03 19:45:25.194 [qtp788892554-16] DEBUG org.ehcache.impl.internal.spi.serialization.DefaultSerializationProvider - Serializer for <java.lang.String> : org.ehcache.impl.serialization.StringSerializer@6e48ee85
2021-02-03 19:45:25.202 [qtp788892554-16] DEBUG org.ehcache.impl.internal.spi.copy.DefaultCopyProvider - Copier for <java.lang.String> : org.ehcache.impl.copy.IdentityCopier@4d6cbb24
2021-02-03 19:45:25.202 [qtp788892554-16] DEBUG org.ehcache.impl.internal.spi.copy.DefaultCopyProvider - Copier for <java.lang.String> : org.ehcache.impl.copy.IdentityCopier@2fc8a08f
2021-02-03 19:45:25.230 [qtp788892554-16] DEBUG org.ehcache.impl.internal.store.heap.OnHeapStore - TTL expiration strategy detected
2021-02-03 19:45:25.273 [qtp788892554-16] DEBUG class org.ehcache.core.Ehcache-OpenWeatherMapCache - Initialize successful.
2021-02-03 19:45:25.274 [qtp788892554-16] INFO  org.ehcache.core.EhcacheManager - Cache 'OpenWeatherMapCache' created in EhcacheManager.
2021-02-03 19:45:25.274 [qtp788892554-16] DEBUG org.ehcache.core.statistics.DefaultStatisticsService - Moving from UNINITIALIZED to AVAILABLE
2021-02-03 19:45:25.275 [qtp788892554-16] DEBUG org.ehcache.core.statistics.DefaultStatisticsService - Cache added OpenWeatherMapCache
2021-02-03 19:45:25.284 [qtp788892554-16] DEBUG org.ehcache.core.EhcacheManager - Initialize successful.
2021-02-03 19:45:25.285 [qtp788892554-16] DEBUG ms.ais.weather.service.OpenWeatherMapService - Call: [https://api.openweathermap.org/data/2.5/weather?q=Paris&appid=200681ee8b9be15aafc017130d88cd41&units=metric] not found in cache, performing a call to openWeatherMap API.
2021-02-03 19:45:25.285 [qtp788892554-16] INFO  ms.ais.weather.service.tasks.GetFromOpenWeatherMapTask - GET task https://api.openweathermap.org/data/2.5/weather?q=Paris&appid=200681ee8b9be15aafc017130d88cd41&units=metric START
2021-02-03 19:45:25.496 [qtp788892554-16] INFO  ms.ais.weather.service.tasks.GetFromOpenWeatherMapTask - GET task https://api.openweathermap.org/data/2.5/weather?q=Paris&appid=200681ee8b9be15aafc017130d88cd41&units=metric FINISH at 211 ms with status code 200
2021-02-03 19:45:25.496 [qtp788892554-16] DEBUG ms.ais.weather.service.OpenWeatherMapService - Storing... Call: [https://api.openweathermap.org/data/2.5/weather?q=Paris&appid=200681ee8b9be15aafc017130d88cd41&units=metric] in cache.
2021-02-03 19:45:25.500 [qtp788892554-16] DEBUG ms.ais.weather.service.OpenWeatherMapService - Call: [https://api.openweathermap.org/data/2.5/weather?q=Paris&appid=200681ee8b9be15aafc017130d88cd41&units=metric] stored successfully in cache!!!
2021-02-03 19:45:25.563 [qtp788892554-16] DEBUG org.eclipse.jetty.server.HttpChannelState - unhandle HttpChannelState@1ad8bc50{s=HANDLING rs=BLOCKING os=OPEN is=IDLE awp=false se=false i=true al=0}
2021-02-03 19:45:25.563 [qtp788892554-16] DEBUG org.eclipse.jetty.server.HttpChannelState - nextAction(false) COMPLETE HttpChannelState@1ad8bc50{s=HANDLING rs=COMPLETING os=OPEN is=IDLE awp=false se=false i=false al=0}
2021-02-03 19:45:25.565 [qtp788892554-16] DEBUG org.eclipse.jetty.server.HttpOutput - complete(org.eclipse.jetty.util.Callback$3@4b6989be) s=CLOSING,api=BLOCKED,sc=false,e=null s=false e=null, c=DirectByteBuffer@5de06325[p=0,l=398,c=32768,r=398]={<<<{"city":{"cityGeoPoint":{...ST","windSpeed":6.69}}}>>>\x00\x00\x00\x00\x00\x00\x00\x00\x00...\x00\x00\x00\x00\x00\x00\x00}
2021-02-03 19:45:25.567 [qtp788892554-16] DEBUG org.eclipse.jetty.server.HttpConnection - generate: NEED_HEADER for org.eclipse.jetty.server.HttpConnection$SendCallback@1e4fc231[PROCESSING][i=HTTP/1.1{s=200,h=3,cl=-1},cb=org.eclipse.jetty.server.HttpChannel$SendCallback@609d95d5] (null,[p=0,l=398,c=32768,r=398],true)@START
2021-02-03 19:45:25.568 [qtp788892554-16] DEBUG org.eclipse.jetty.server.HttpConnection - generate: FLUSH for org.eclipse.jetty.server.HttpConnection$SendCallback@1e4fc231[PROCESSING][i=HTTP/1.1{s=200,h=3,cl=-1},cb=org.eclipse.jetty.server.HttpChannel$SendCallback@609d95d5] ([p=0,l=126,c=8192,r=126],[p=0,l=398,c=32768,r=398],true)@COMPLETING
2021-02-03 19:45:25.568 [qtp788892554-16] DEBUG org.eclipse.jetty.io.WriteFlusher - write: WriteFlusher@476246ad{IDLE}->null [HeapByteBuffer@43206a55[p=0,l=126,c=8192,r=126]={<<<HTTP/1.1 200 OK\r\nDate: We...Content-Length: 398\r\n\r\n>>>ent: Post...\x00\x00\x00\x00\x00\x00\x00},DirectByteBuffer@5de06325[p=0,l=398,c=32768,r=398]={<<<{"city":{"cityGeoPoint":{...ST","windSpeed":6.69}}}>>>\x00\x00\x00\x00\x00\x00\x00\x00\x00...\x00\x00\x00\x00\x00\x00\x00}]
2021-02-03 19:45:25.568 [qtp788892554-16] DEBUG org.eclipse.jetty.io.WriteFlusher - update WriteFlusher@476246ad{WRITING}->null:IDLE-->WRITING
2021-02-03 19:45:25.569 [qtp788892554-16] DEBUG org.eclipse.jetty.io.ChannelEndPoint - flushed 524 SocketChannelEndPoint@1c883a3d{l=/0:0:0:0:0:0:0:1:9000,r=/0:0:0:0:0:0:0:1:53806,OPEN,fill=-,flush=W,to=1326/30000}{io=0/0,kio=0,kro=1}->HttpConnection@1d88cae6[p=HttpParser{s=CONTENT,0 of -1},g=HttpGenerator@6a801217{s=COMPLETING}]=>HttpChannelOverHttp@41dc9177{s=HttpChannelState@1ad8bc50{s=HANDLING rs=COMPLETING os=COMMITTED is=IDLE awp=false se=false i=false al=0},r=1,c=false/false,a=HANDLING,uri=//localhost:9000/ms/ais/api/forecast/current/city/%CE%A0%CE%B1%CF%81%CE%AF%CF%83%CE%B9,age=1307}
2021-02-03 19:45:25.569 [qtp788892554-16] DEBUG org.eclipse.jetty.io.WriteFlusher - Flushed=true written=524 remaining=0 WriteFlusher@476246ad{WRITING}->null
2021-02-03 19:45:25.569 [qtp788892554-16] DEBUG org.eclipse.jetty.io.WriteFlusher - update WriteFlusher@476246ad{IDLE}->null:WRITING-->IDLE
2021-02-03 19:45:25.570 [qtp788892554-16] DEBUG org.eclipse.jetty.server.HttpConnection - generate: DONE for org.eclipse.jetty.server.HttpConnection$SendCallback@1e4fc231[PROCESSING][i=HTTP/1.1{s=200,h=3,cl=-1},cb=org.eclipse.jetty.server.HttpChannel$SendCallback@609d95d5] ([p=126,l=126,c=8192,r=0],[p=398,l=398,c=32768,r=0],true)@END
2021-02-03 19:45:25.571 [qtp788892554-16] DEBUG org.eclipse.jetty.server.HttpOutput - onWriteComplete(true,null) s=CLOSING,api=BLOCKED,sc=false,e=null->s=CLOSED,api=BLOCKING,sc=false,e=null c=null cb=org.eclipse.jetty.util.Callback$3@4b6989be w=false
2021-02-03 19:45:25.572 [qtp788892554-16] DEBUG org.eclipse.jetty.server.HttpChannelState - completed HttpChannelState@1ad8bc50{s=HANDLING rs=COMPLETING os=COMPLETED is=IDLE awp=false se=false i=false al=0}
2021-02-03 19:45:25.572 [qtp788892554-16] DEBUG org.eclipse.jetty.server.HttpChannelState - unhandle HttpChannelState@1ad8bc50{s=HANDLING rs=COMPLETED os=COMPLETED is=IDLE awp=false se=false i=false al=0}
2021-02-03 19:45:25.572 [qtp788892554-16] DEBUG org.eclipse.jetty.server.HttpChannelState - nextAction(false) TERMINATED HttpChannelState@1ad8bc50{s=IDLE rs=COMPLETED os=COMPLETED is=IDLE awp=false se=false i=false al=0}
2021-02-03 19:45:25.573 [qtp788892554-16] DEBUG org.eclipse.jetty.server.HttpConnection - HttpConnection@1d88cae6::SocketChannelEndPoint@1c883a3d{l=/0:0:0:0:0:0:0:1:9000,r=/0:0:0:0:0:0:0:1:53806,OPEN,fill=-,flush=-,to=3/30000}{io=0/0,kio=0,kro=1}->HttpConnection@1d88cae6[p=HttpParser{s=CONTENT,0 of -1},g=HttpGenerator@6a801217{s=END}]=>HttpChannelOverHttp@41dc9177{s=HttpChannelState@1ad8bc50{s=IDLE rs=COMPLETED os=COMPLETED is=IDLE awp=false se=false i=false al=0},r=1,c=true/true,a=IDLE,uri=//localhost:9000/ms/ais/api/forecast/current/city/%CE%A0%CE%B1%CF%81%CE%AF%CF%83%CE%B9,age=1310} parse null {}
2021-02-03 19:45:25.573 [qtp788892554-16] DEBUG org.eclipse.jetty.http.HttpParser - parseNext s=CONTENT HeapByteBuffer@546c7b55[p=0,l=0,c=0,r=0]={<<<>>>}
2021-02-03 19:45:25.573 [qtp788892554-16] DEBUG org.eclipse.jetty.http.HttpParser - CONTENT --> CONTENT_END
2021-02-03 19:45:25.573 [qtp788892554-16] DEBUG org.eclipse.jetty.http.HttpParser - CONTENT_END --> END
2021-02-03 19:45:25.574 [qtp788892554-16] DEBUG org.eclipse.jetty.server.HttpInput - HttpInputOverHTTP@65bf8bf9[c=0,q=0,[0]=null,s=STREAM] addContent EOF
2021-02-03 19:45:25.575 [qtp788892554-16] DEBUG org.eclipse.jetty.server.HttpConnection - HttpConnection@1d88cae6::SocketChannelEndPoint@1c883a3d{l=/0:0:0:0:0:0:0:1:9000,r=/0:0:0:0:0:0:0:1:53806,OPEN,fill=-,flush=-,to=5/30000}{io=0/0,kio=0,kro=1}->HttpConnection@1d88cae6[p=HttpParser{s=END,0 of -1},g=HttpGenerator@6a801217{s=END}]=>HttpChannelOverHttp@41dc9177{s=HttpChannelState@1ad8bc50{s=IDLE rs=COMPLETED os=COMPLETED is=IDLE awp=false se=false i=false al=0},r=1,c=true/true,a=IDLE,uri=//localhost:9000/ms/ais/api/forecast/current/city/%CE%A0%CE%B1%CF%81%CE%AF%CF%83%CE%B9,age=1313} parsed false HttpParser{s=END,0 of -1}
2021-02-03 19:45:25.578 [qtp788892554-16] DEBUG org.eclipse.jetty.server.HttpChannelState - recycle HttpChannelState@1ad8bc50{s=IDLE rs=COMPLETED os=COMPLETED is=IDLE awp=false se=false i=false al=0}
2021-02-03 19:45:25.579 [qtp788892554-16] DEBUG org.eclipse.jetty.http.HttpParser - reset HttpParser{s=END,0 of -1}
2021-02-03 19:45:25.580 [qtp788892554-16] DEBUG org.eclipse.jetty.http.HttpParser - END --> START
2021-02-03 19:45:25.580 [qtp788892554-16] DEBUG org.eclipse.jetty.io.ChannelEndPoint - filled 0 HeapByteBuffer@43206a55[p=0,l=0,c=8192,r=0]={<<<>>>HTTP/1.1 ...\x00\x00\x00\x00\x00\x00\x00}
2021-02-03 19:45:25.580 [qtp788892554-16] DEBUG org.eclipse.jetty.io.ChannelEndPoint - filled 0 HeapByteBuffer@43206a55[p=0,l=0,c=8192,r=0]={<<<>>>HTTP/1.1 ...\x00\x00\x00\x00\x00\x00\x00}
2021-02-03 19:45:25.582 [qtp788892554-16] DEBUG org.eclipse.jetty.server.HttpConnection - HttpConnection@1d88cae6::SocketChannelEndPoint@1c883a3d{l=/0:0:0:0:0:0:0:1:9000,r=/0:0:0:0:0:0:0:1:53806,OPEN,fill=-,flush=-,to=11/30000}{io=0/0,kio=0,kro=1}->HttpConnection@1d88cae6[p=HttpParser{s=START,0 of -1},g=HttpGenerator@6a801217{s=START}]=>HttpChannelOverHttp@41dc9177{s=HttpChannelState@1ad8bc50{s=IDLE rs=BLOCKING os=OPEN is=IDLE awp=false se=false i=true al=0},r=1,c=false/false,a=IDLE,uri=null,age=0} filled 0 HeapByteBuffer@43206a55[p=0,l=0,c=8192,r=0]={<<<>>>HTTP/1.1 ...\x00\x00\x00\x00\x00\x00\x00}
2021-02-03 19:45:25.583 [qtp788892554-16] DEBUG org.eclipse.jetty.server.HttpConnection - HttpConnection@1d88cae6::SocketChannelEndPoint@1c883a3d{l=/0:0:0:0:0:0:0:1:9000,r=/0:0:0:0:0:0:0:1:53806,OPEN,fill=-,flush=-,to=13/30000}{io=0/0,kio=0,kro=1}->HttpConnection@1d88cae6[p=HttpParser{s=START,0 of -1},g=HttpGenerator@6a801217{s=START}]=>HttpChannelOverHttp@41dc9177{s=HttpChannelState@1ad8bc50{s=IDLE rs=BLOCKING os=OPEN is=IDLE awp=false se=false i=true al=0},r=1,c=false/false,a=IDLE,uri=null,age=0} parse HeapByteBuffer@43206a55[p=0,l=0,c=8192,r=0]={<<<>>>HTTP/1.1 ...\x00\x00\x00\x00\x00\x00\x00} {}
2021-02-03 19:45:25.583 [qtp788892554-16] DEBUG org.eclipse.jetty.http.HttpParser - parseNext s=START HeapByteBuffer@43206a55[p=0,l=0,c=8192,r=0]={<<<>>>HTTP/1.1 ...\x00\x00\x00\x00\x00\x00\x00}
2021-02-03 19:45:25.583 [qtp788892554-16] DEBUG org.eclipse.jetty.server.HttpConnection - HttpConnection@1d88cae6::SocketChannelEndPoint@1c883a3d{l=/0:0:0:0:0:0:0:1:9000,r=/0:0:0:0:0:0:0:1:53806,OPEN,fill=-,flush=-,to=13/30000}{io=0/0,kio=0,kro=1}->HttpConnection@1d88cae6[p=HttpParser{s=START,0 of -1},g=HttpGenerator@6a801217{s=START}]=>HttpChannelOverHttp@41dc9177{s=HttpChannelState@1ad8bc50{s=IDLE rs=BLOCKING os=OPEN is=IDLE awp=false se=false i=true al=0},r=1,c=false/false,a=IDLE,uri=null,age=0} parsed false HttpParser{s=START,0 of -1}
2021-02-03 19:45:25.584 [qtp788892554-16] DEBUG org.eclipse.jetty.server.HttpConnection - releaseRequestBuffer HttpConnection@1d88cae6::SocketChannelEndPoint@1c883a3d{l=/0:0:0:0:0:0:0:1:9000,r=/0:0:0:0:0:0:0:1:53806,OPEN,fill=-,flush=-,to=14/30000}{io=0/0,kio=0,kro=1}->HttpConnection@1d88cae6[p=HttpParser{s=START,0 of -1},g=HttpGenerator@6a801217{s=START}]=>HttpChannelOverHttp@41dc9177{s=HttpChannelState@1ad8bc50{s=IDLE rs=BLOCKING os=OPEN is=IDLE awp=false se=false i=true al=0},r=1,c=false/false,a=IDLE,uri=null,age=0}
2021-02-03 19:45:25.584 [qtp788892554-16] DEBUG org.eclipse.jetty.io.AbstractConnection - fillInterested HttpConnection@1d88cae6::SocketChannelEndPoint@1c883a3d{l=/0:0:0:0:0:0:0:1:9000,r=/0:0:0:0:0:0